\BOOKMARK [1][-]{Doc-Start}{Einleitung}{}% 1
\BOOKMARK [1][-]{section.1}{Vorg\344nger}{}% 2
\BOOKMARK [2][-]{subsection.1.1}{Telnet}{section.1}% 3
\BOOKMARK [2][-]{subsection.1.2}{rlogin, rsh, rcp}{section.1}% 4
\BOOKMARK [1][-]{section.2}{Geschichte von SSH}{}% 5
\BOOKMARK [2][-]{subsection.2.1}{SSH-1}{section.2}% 6
\BOOKMARK [2][-]{subsection.2.2}{SSH-2}{section.2}% 7
\BOOKMARK [2][-]{subsection.2.3}{OpenSSH}{section.2}% 8
\BOOKMARK [1][-]{section.3}{Komponenten}{}% 9
\BOOKMARK [2][-]{subsection.3.1}{Transport Layer Protocol}{section.3}% 10
\BOOKMARK [2][-]{subsection.3.2}{Authentication Protocol}{section.3}% 11
\BOOKMARK [2][-]{subsection.3.3}{Connection Protocol}{section.3}% 12
\BOOKMARK [3][-]{subsubsection.3.3.1}{Interaktive Shell}{subsection.3.3}% 13
\BOOKMARK [3][-]{subsubsection.3.3.2}{SSH-Tunnel}{subsection.3.3}% 14
\BOOKMARK [3][-]{subsubsection.3.3.3}{X-Forwarding}{subsection.3.3}% 15
\BOOKMARK [3][-]{subsubsection.3.3.4}{L3-Tunnel}{subsection.3.3}% 16
\BOOKMARK [3][-]{subsubsection.3.3.5}{SCP}{subsection.3.3}% 17
\BOOKMARK [3][-]{subsubsection.3.3.6}{SFTP}{subsection.3.3}% 18
\BOOKMARK [3][-]{subsubsection.3.3.7}{SSHFS}{subsection.3.3}% 19
\BOOKMARK [1][-]{section.4}{Implementierungen}{}% 20
\BOOKMARK [2][-]{subsection.4.1}{SSH Tectia}{section.4}% 21
\BOOKMARK [2][-]{subsection.4.2}{OpenSSH}{section.4}% 22
\BOOKMARK [2][-]{subsection.4.3}{Putty}{section.4}% 23
\BOOKMARK [2][-]{subsection.4.4}{Dropbear}{section.4}% 24
